2022-08-12 11:59:58,360       [AsyncHttpClient-2-1] WARN  io.netty.channel.ChannelInitializer - Failed to initialize a channel. Closing: [id: 0x3bbd3c34]
java.lang.NoClassDefFoundError: io/netty/util/internal/ReferenceCountUpdater
	at io.netty.buffer.UnpooledByteBufAllocator.newDirectBuffer(UnpooledByteBufAllocator.java:91)
	at io.netty.buffer.AbstractByteBufAllocator.directBuffer(AbstractByteBufAllocator.java:188)
	at io.netty.buffer.AbstractByteBufAllocator.directBuffer(AbstractByteBufAllocator.java:179)
	at io.netty.buffer.Unpooled.directBuffer(Unpooled.java:128)
	at io.netty.handler.codec.http.HttpObjectEncoder.<clinit>(HttpObjectEncoder.java:53)
	at io.netty.handler.codec.http.HttpClientCodec.<init>(HttpClientCodec.java:118)
	at io.netty.handler.codec.http.HttpClientCodec.<init>(HttpClientCodec.java:108)
	at org.asynchttpclient.netty.channel.ChannelManager.newHttpClientCodec(ChannelManager.java:330)
	at org.asynchttpclient.netty.channel.ChannelManager.access$100(ChannelManager.java:65)
	at org.asynchttpclient.netty.channel.ChannelManager$1.initChannel(ChannelManager.java:219)
	at io.netty.channel.ChannelInitializer.initChannel(ChannelInitializer.java:113)
	at io.netty.channel.ChannelInitializer.handlerAdded(ChannelInitializer.java:105)
	at io.netty.channel.DefaultChannelPipeline.callHandlerAdded0(DefaultChannelPipeline.java:614)
	at io.netty.channel.DefaultChannelPipeline.access$000(DefaultChannelPipeline.java:46)
	at io.netty.channel.DefaultChannelPipeline$PendingHandlerAddedTask.execute(DefaultChannelPipeline.java:1465)
	at io.netty.channel.DefaultChannelPipeline.callHandlerAddedForAllHandlers(DefaultChannelPipeline.java:1139)
	at io.netty.channel.DefaultChannelPipeline.invokeHandlerAddedIfNeeded(DefaultChannelPipeline.java:664)
	at io.netty.channel.AbstractChannel$AbstractUnsafe.register0(AbstractChannel.java:510)
	at io.netty.channel.AbstractChannel$AbstractUnsafe.access$200(AbstractChannel.java:423)
	at io.netty.channel.AbstractChannel$AbstractUnsafe$1.run(AbstractChannel.java:482)
	at io.netty.util.concurrent.AbstractEventExecutor.safeExecute(AbstractEventExecutor.java:163)
	at io.netty.util.concurrent.SingleThreadEventExecutor.runAllTasks(SingleThreadEventExecutor.java:404)
	at io.netty.channel.nio.NioEventLoop.run(NioEventLoop.java:463)
	at io.netty.util.concurrent.SingleThreadEventExecutor$5.run(SingleThreadEventExecutor.java:886)
	at io.netty.util.concurrent.FastThreadLocalRunnable.run(FastThreadLocalRunnable.java:30)
	at java.lang.Thread.run(Thread.java:750)
Caused by: java.lang.ClassNotFoundException: io.netty.util.internal.ReferenceCountUpdater
	at java.net.URLClassLoader.findClass(URLClassLoader.java:387)
	at java.lang.ClassLoader.loadClass(ClassLoader.java:418)
	at sun.misc.Launcher$AppClassLoader.loadClass(Launcher.java:355)
	at java.lang.ClassLoader.loadClass(ClassLoader.java:351)
	... 26 more
2022-08-12 11:59:58,360       [AsyncHttpClient-2-2] WARN  io.netty.channel.ChannelInitializer - Failed to initialize a channel. Closing: [id: 0x31b797ef]
java.lang.NoClassDefFoundError: Could not initialize class io.netty.handler.codec.http.HttpClientCodec$Encoder
	at io.netty.handler.codec.http.HttpClientCodec.<init>(HttpClientCodec.java:118)
	at io.netty.handler.codec.http.HttpClientCodec.<init>(HttpClientCodec.java:108)
	at org.asynchttpclient.netty.channel.ChannelManager.newHttpClientCodec(ChannelManager.java:330)
	at org.asynchttpclient.netty.channel.ChannelManager.access$100(ChannelManager.java:65)
	at org.asynchttpclient.netty.channel.ChannelManager$1.initChannel(ChannelManager.java:219)
	at io.netty.channel.ChannelInitializer.initChannel(ChannelInitializer.java:113)
	at io.netty.channel.ChannelInitializer.handlerAdded(ChannelInitializer.java:105)
	at io.netty.channel.DefaultChannelPipeline.callHandlerAdded0(DefaultChannelPipeline.java:614)
	at io.netty.channel.DefaultChannelPipeline.access$000(DefaultChannelPipeline.java:46)
	at io.netty.channel.DefaultChannelPipeline$PendingHandlerAddedTask.execute(DefaultChannelPipeline.java:1465)
	at io.netty.channel.DefaultChannelPipeline.callHandlerAddedForAllHandlers(DefaultChannelPipeline.java:1139)
	at io.netty.channel.DefaultChannelPipeline.invokeHandlerAddedIfNeeded(DefaultChannelPipeline.java:664)
	at io.netty.channel.AbstractChannel$AbstractUnsafe.register0(AbstractChannel.java:510)
	at io.netty.channel.AbstractChannel$AbstractUnsafe.access$200(AbstractChannel.java:423)
	at io.netty.channel.AbstractChannel$AbstractUnsafe$1.run(AbstractChannel.java:482)
	at io.netty.util.concurrent.AbstractEventExecutor.safeExecute(AbstractEventExecutor.java:163)
	at io.netty.util.concurrent.SingleThreadEventExecutor.runAllTasks(SingleThreadEventExecutor.java:404)
	at io.netty.channel.nio.NioEventLoop.run(NioEventLoop.java:463)
	at io.netty.util.concurrent.SingleThreadEventExecutor$5.run(SingleThreadEventExecutor.java:886)
	at io.netty.util.concurrent.FastThreadLocalRunnable.run(FastThreadLocalRunnable.java:30)
	at java.lang.Thread.run(Thread.java:750)
2022-08-12 11:59:58,360       [AsyncHttpClient-2-3] WARN  io.netty.channel.ChannelInitializer - Failed to initialize a channel. Closing: [id: 0xcf25a7c8]
java.lang.NoClassDefFoundError: Could not initialize class io.netty.handler.codec.http.HttpClientCodec$Encoder
	at io.netty.handler.codec.http.HttpClientCodec.<init>(HttpClientCodec.java:118)
	at io.netty.handler.codec.http.HttpClientCodec.<init>(HttpClientCodec.java:108)
	at org.asynchttpclient.netty.channel.ChannelManager.newHttpClientCodec(ChannelManager.java:330)
	at org.asynchttpclient.netty.channel.ChannelManager.access$100(ChannelManager.java:65)
	at org.asynchttpclient.netty.channel.ChannelManager$1.initChannel(ChannelManager.java:219)
	at io.netty.channel.ChannelInitializer.initChannel(ChannelInitializer.java:113)
	at io.netty.channel.ChannelInitializer.handlerAdded(ChannelInitializer.java:105)
	at io.netty.channel.DefaultChannelPipeline.callHandlerAdded0(DefaultChannelPipeline.java:614)
	at io.netty.channel.DefaultChannelPipeline.access$000(DefaultChannelPipeline.java:46)
	at io.netty.channel.DefaultChannelPipeline$PendingHandlerAddedTask.execute(DefaultChannelPipeline.java:1465)
	at io.netty.channel.DefaultChannelPipeline.callHandlerAddedForAllHandlers(DefaultChannelPipeline.java:1139)
	at io.netty.channel.DefaultChannelPipeline.invokeHandlerAddedIfNeeded(DefaultChannelPipeline.java:664)
	at io.netty.channel.AbstractChannel$AbstractUnsafe.register0(AbstractChannel.java:510)
	at io.netty.channel.AbstractChannel$AbstractUnsafe.access$200(AbstractChannel.java:423)
	at io.netty.channel.AbstractChannel$AbstractUnsafe$1.run(AbstractChannel.java:482)
	at io.netty.util.concurrent.AbstractEventExecutor.safeExecute(AbstractEventExecutor.java:163)
	at io.netty.util.concurrent.SingleThreadEventExecutor.runAllTasks(SingleThreadEventExecutor.java:404)
	at io.netty.channel.nio.NioEventLoop.run(NioEventLoop.java:463)
	at io.netty.util.concurrent.SingleThreadEventExecutor$5.run(SingleThreadEventExecutor.java:886)
	at io.netty.util.concurrent.FastThreadLocalRunnable.run(FastThreadLocalRunnable.java:30)
	at java.lang.Thread.run(Thread.java:750)
2022-08-12 11:59:58,360       [AsyncHttpClient-2-4] WARN  io.netty.channel.ChannelInitializer - Failed to initialize a channel. Closing: [id: 0x43608863]
java.lang.NoClassDefFoundError: Could not initialize class io.netty.handler.codec.http.HttpClientCodec$Encoder
	at io.netty.handler.codec.http.HttpClientCodec.<init>(HttpClientCodec.java:118)
	at io.netty.handler.codec.http.HttpClientCodec.<init>(HttpClientCodec.java:108)
	at org.asynchttpclient.netty.channel.ChannelManager.newHttpClientCodec(ChannelManager.java:330)
	at org.asynchttpclient.netty.channel.ChannelManager.access$100(ChannelManager.java:65)
	at org.asynchttpclient.netty.channel.ChannelManager$1.initChannel(ChannelManager.java:219)
	at io.netty.channel.ChannelInitializer.initChannel(ChannelInitializer.java:113)
	at io.netty.channel.ChannelInitializer.handlerAdded(ChannelInitializer.java:105)
	at io.netty.channel.DefaultChannelPipeline.callHandlerAdded0(DefaultChannelPipeline.java:614)
	at io.netty.channel.DefaultChannelPipeline.access$000(DefaultChannelPipeline.java:46)
	at io.netty.channel.DefaultChannelPipeline$PendingHandlerAddedTask.execute(DefaultChannelPipeline.java:1465)
	at io.netty.channel.DefaultChannelPipeline.callHandlerAddedForAllHandlers(DefaultChannelPipeline.java:1139)
	at io.netty.channel.DefaultChannelPipeline.invokeHandlerAddedIfNeeded(DefaultChannelPipeline.java:664)
	at io.netty.channel.AbstractChannel$AbstractUnsafe.register0(AbstractChannel.java:510)
	at io.netty.channel.AbstractChannel$AbstractUnsafe.access$200(AbstractChannel.java:423)
	at io.netty.channel.AbstractChannel$AbstractUnsafe$1.run(AbstractChannel.java:482)
	at io.netty.util.concurrent.AbstractEventExecutor.safeExecute(AbstractEventExecutor.java:163)
	at io.netty.util.concurrent.SingleThreadEventExecutor.runAllTasks(SingleThreadEventExecutor.java:404)
	at io.netty.channel.nio.NioEventLoop.run(NioEventLoop.java:463)
	at io.netty.util.concurrent.SingleThreadEventExecutor$5.run(SingleThreadEventExecutor.java:886)
	at io.netty.util.concurrent.FastThreadLocalRunnable.run(FastThreadLocalRunnable.java:30)
	at java.lang.Thread.run(Thread.java:750)
2022-08-12 11:59:58,360       [AsyncHttpClient-2-5] WARN  io.netty.channel.ChannelInitializer - Failed to initialize a channel. Closing: [id: 0x401016e5]
java.lang.NoClassDefFoundError: Could not initialize class io.netty.handler.codec.http.HttpClientCodec$Encoder
	at io.netty.handler.codec.http.HttpClientCodec.<init>(HttpClientCodec.java:118)
	at io.netty.handler.codec.http.HttpClientCodec.<init>(HttpClientCodec.java:108)
	at org.asynchttpclient.netty.channel.ChannelManager.newHttpClientCodec(ChannelManager.java:330)
	at org.asynchttpclient.netty.channel.ChannelManager.access$100(ChannelManager.java:65)
	at org.asynchttpclient.netty.channel.ChannelManager$1.initChannel(ChannelManager.java:219)
	at io.netty.channel.ChannelInitializer.initChannel(ChannelInitializer.java:113)
	at io.netty.channel.ChannelInitializer.handlerAdded(ChannelInitializer.java:105)
	at io.netty.channel.DefaultChannelPipeline.callHandlerAdded0(DefaultChannelPipeline.java:614)
	at io.netty.channel.DefaultChannelPipeline.access$000(DefaultChannelPipeline.java:46)
	at io.netty.channel.DefaultChannelPipeline$PendingHandlerAddedTask.execute(DefaultChannelPipeline.java:1465)
	at io.netty.channel.DefaultChannelPipeline.callHandlerAddedForAllHandlers(DefaultChannelPipeline.java:1139)
	at io.netty.channel.DefaultChannelPipeline.invokeHandlerAddedIfNeeded(DefaultChannelPipeline.java:664)
	at io.netty.channel.AbstractChannel$AbstractUnsafe.register0(AbstractChannel.java:510)
	at io.netty.channel.AbstractChannel$AbstractUnsafe.access$200(AbstractChannel.java:423)
	at io.netty.channel.AbstractChannel$AbstractUnsafe$1.run(AbstractChannel.java:482)
	at io.netty.util.concurrent.AbstractEventExecutor.safeExecute(AbstractEventExecutor.java:163)
	at io.netty.util.concurrent.SingleThreadEventExecutor.runAllTasks(SingleThreadEventExecutor.java:404)
	at io.netty.channel.nio.NioEventLoop.run(NioEventLoop.java:463)
	at io.netty.util.concurrent.SingleThreadEventExecutor$5.run(SingleThreadEventExecutor.java:886)
	at io.netty.util.concurrent.FastThreadLocalRunnable.run(FastThreadLocalRunnable.java:30)
	at java.lang.Thread.run(Thread.java:750)
2022-08-12 11:59:58,380       [AsyncHttpClient-2-6] WARN  io.netty.channel.ChannelInitializer - Failed to initialize a channel. Closing: [id: 0x30849472]
java.lang.NoClassDefFoundError: Could not initialize class io.netty.handler.codec.http.HttpClientCodec$Encoder
	at io.netty.handler.codec.http.HttpClientCodec.<init>(HttpClientCodec.java:118)
	at io.netty.handler.codec.http.HttpClientCodec.<init>(HttpClientCodec.java:108)
	at org.asynchttpclient.netty.channel.ChannelManager.newHttpClientCodec(ChannelManager.java:330)
	at org.asynchttpclient.netty.channel.ChannelManager.access$100(ChannelManager.java:65)
	at org.asynchttpclient.netty.channel.ChannelManager$1.initChannel(ChannelManager.java:219)
	at io.netty.channel.ChannelInitializer.initChannel(ChannelInitializer.java:113)
	at io.netty.channel.ChannelInitializer.handlerAdded(ChannelInitializer.java:105)
	at io.netty.channel.DefaultChannelPipeline.callHandlerAdded0(DefaultChannelPipeline.java:614)
	at io.netty.channel.DefaultChannelPipeline.access$000(DefaultChannelPipeline.java:46)
	at io.netty.channel.DefaultChannelPipeline$PendingHandlerAddedTask.execute(DefaultChannelPipeline.java:1465)
	at io.netty.channel.DefaultChannelPipeline.callHandlerAddedForAllHandlers(DefaultChannelPipeline.java:1139)
	at io.netty.channel.DefaultChannelPipeline.invokeHandlerAddedIfNeeded(DefaultChannelPipeline.java:664)
	at io.netty.channel.AbstractChannel$AbstractUnsafe.register0(AbstractChannel.java:510)
	at io.netty.channel.AbstractChannel$AbstractUnsafe.access$200(AbstractChannel.java:423)
	at io.netty.channel.AbstractChannel$AbstractUnsafe$1.run(AbstractChannel.java:482)
	at io.netty.util.concurrent.AbstractEventExecutor.safeExecute(AbstractEventExecutor.java:163)
	at io.netty.util.concurrent.SingleThreadEventExecutor.runAllTasks(SingleThreadEventExecutor.java:404)
	at io.netty.channel.nio.NioEventLoop.run(NioEventLoop.java:463)
	at io.netty.util.concurrent.SingleThreadEventExecutor$5.run(SingleThreadEventExecutor.java:886)
	at io.netty.util.concurrent.FastThreadLocalRunnable.run(FastThreadLocalRunnable.java:30)
	at java.lang.Thread.run(Thread.java:750)
2022-08-12 12:02:02,140       [AsyncHttpClient-2-1] WARN  io.netty.channel.ChannelInitializer - Failed to initialize a channel. Closing: [id: 0xc75d304f]
java.lang.NoClassDefFoundError: io/netty/util/internal/ReferenceCountUpdater
	at io.netty.buffer.UnpooledByteBufAllocator.newDirectBuffer(UnpooledByteBufAllocator.java:91)
	at io.netty.buffer.AbstractByteBufAllocator.directBuffer(AbstractByteBufAllocator.java:188)
	at io.netty.buffer.AbstractByteBufAllocator.directBuffer(AbstractByteBufAllocator.java:179)
	at io.netty.buffer.Unpooled.directBuffer(Unpooled.java:128)
	at io.netty.handler.codec.http.HttpObjectEncoder.<clinit>(HttpObjectEncoder.java:53)
	at io.netty.handler.codec.http.HttpClientCodec.<init>(HttpClientCodec.java:118)
	at io.netty.handler.codec.http.HttpClientCodec.<init>(HttpClientCodec.java:108)
	at org.asynchttpclient.netty.channel.ChannelManager.newHttpClientCodec(ChannelManager.java:330)
	at org.asynchttpclient.netty.channel.ChannelManager.access$100(ChannelManager.java:65)
	at org.asynchttpclient.netty.channel.ChannelManager$1.initChannel(ChannelManager.java:219)
	at io.netty.channel.ChannelInitializer.initChannel(ChannelInitializer.java:113)
	at io.netty.channel.ChannelInitializer.handlerAdded(ChannelInitializer.java:105)
	at io.netty.channel.DefaultChannelPipeline.callHandlerAdded0(DefaultChannelPipeline.java:614)
	at io.netty.channel.DefaultChannelPipeline.access$000(DefaultChannelPipeline.java:46)
	at io.netty.channel.DefaultChannelPipeline$PendingHandlerAddedTask.execute(DefaultChannelPipeline.java:1465)
	at io.netty.channel.DefaultChannelPipeline.callHandlerAddedForAllHandlers(DefaultChannelPipeline.java:1139)
	at io.netty.channel.DefaultChannelPipeline.invokeHandlerAddedIfNeeded(DefaultChannelPipeline.java:664)
	at io.netty.channel.AbstractChannel$AbstractUnsafe.register0(AbstractChannel.java:510)
	at io.netty.channel.AbstractChannel$AbstractUnsafe.access$200(AbstractChannel.java:423)
	at io.netty.channel.AbstractChannel$AbstractUnsafe$1.run(AbstractChannel.java:482)
	at io.netty.util.concurrent.AbstractEventExecutor.safeExecute(AbstractEventExecutor.java:163)
	at io.netty.util.concurrent.SingleThreadEventExecutor.runAllTasks(SingleThreadEventExecutor.java:404)
	at io.netty.channel.nio.NioEventLoop.run(NioEventLoop.java:463)
	at io.netty.util.concurrent.SingleThreadEventExecutor$5.run(SingleThreadEventExecutor.java:886)
	at io.netty.util.concurrent.FastThreadLocalRunnable.run(FastThreadLocalRunnable.java:30)
	at java.lang.Thread.run(Thread.java:750)
Caused by: java.lang.ClassNotFoundException: io.netty.util.internal.ReferenceCountUpdater
	at java.net.URLClassLoader.findClass(URLClassLoader.java:387)
	at java.lang.ClassLoader.loadClass(ClassLoader.java:418)
	at sun.misc.Launcher$AppClassLoader.loadClass(Launcher.java:355)
	at java.lang.ClassLoader.loadClass(ClassLoader.java:351)
	... 26 more
2022-08-12 12:02:02,140       [AsyncHttpClient-2-2] WARN  io.netty.channel.ChannelInitializer - Failed to initialize a channel. Closing: [id: 0x39bfe17a]
java.lang.NoClassDefFoundError: Could not initialize class io.netty.handler.codec.http.HttpClientCodec$Encoder
	at io.netty.handler.codec.http.HttpClientCodec.<init>(HttpClientCodec.java:118)
	at io.netty.handler.codec.http.HttpClientCodec.<init>(HttpClientCodec.java:108)
	at org.asynchttpclient.netty.channel.ChannelManager.newHttpClientCodec(ChannelManager.java:330)
	at org.asynchttpclient.netty.channel.ChannelManager.access$100(ChannelManager.java:65)
	at org.asynchttpclient.netty.channel.ChannelManager$1.initChannel(ChannelManager.java:219)
	at io.netty.channel.ChannelInitializer.initChannel(ChannelInitializer.java:113)
	at io.netty.channel.ChannelInitializer.handlerAdded(ChannelInitializer.java:105)
	at io.netty.channel.DefaultChannelPipeline.callHandlerAdded0(DefaultChannelPipeline.java:614)
	at io.netty.channel.DefaultChannelPipeline.access$000(DefaultChannelPipeline.java:46)
	at io.netty.channel.DefaultChannelPipeline$PendingHandlerAddedTask.execute(DefaultChannelPipeline.java:1465)
	at io.netty.channel.DefaultChannelPipeline.callHandlerAddedForAllHandlers(DefaultChannelPipeline.java:1139)
	at io.netty.channel.DefaultChannelPipeline.invokeHandlerAddedIfNeeded(DefaultChannelPipeline.java:664)
	at io.netty.channel.AbstractChannel$AbstractUnsafe.register0(AbstractChannel.java:510)
	at io.netty.channel.AbstractChannel$AbstractUnsafe.access$200(AbstractChannel.java:423)
	at io.netty.channel.AbstractChannel$AbstractUnsafe$1.run(AbstractChannel.java:482)
	at io.netty.util.concurrent.AbstractEventExecutor.safeExecute(AbstractEventExecutor.java:163)
	at io.netty.util.concurrent.SingleThreadEventExecutor.runAllTasks(SingleThreadEventExecutor.java:404)
	at io.netty.channel.nio.NioEventLoop.run(NioEventLoop.java:463)
	at io.netty.util.concurrent.SingleThreadEventExecutor$5.run(SingleThreadEventExecutor.java:886)
	at io.netty.util.concurrent.FastThreadLocalRunnable.run(FastThreadLocalRunnable.java:30)
	at java.lang.Thread.run(Thread.java:750)
2022-08-12 12:02:02,140       [AsyncHttpClient-2-3] WARN  io.netty.channel.ChannelInitializer - Failed to initialize a channel. Closing: [id: 0xdd8f72ab]
java.lang.NoClassDefFoundError: Could not initialize class io.netty.handler.codec.http.HttpClientCodec$Encoder
	at io.netty.handler.codec.http.HttpClientCodec.<init>(HttpClientCodec.java:118)
	at io.netty.handler.codec.http.HttpClientCodec.<init>(HttpClientCodec.java:108)
	at org.asynchttpclient.netty.channel.ChannelManager.newHttpClientCodec(ChannelManager.java:330)
	at org.asynchttpclient.netty.channel.ChannelManager.access$100(ChannelManager.java:65)
	at org.asynchttpclient.netty.channel.ChannelManager$1.initChannel(ChannelManager.java:219)
	at io.netty.channel.ChannelInitializer.initChannel(ChannelInitializer.java:113)
	at io.netty.channel.ChannelInitializer.handlerAdded(ChannelInitializer.java:105)
	at io.netty.channel.DefaultChannelPipeline.callHandlerAdded0(DefaultChannelPipeline.java:614)
	at io.netty.channel.DefaultChannelPipeline.access$000(DefaultChannelPipeline.java:46)
	at io.netty.channel.DefaultChannelPipeline$PendingHandlerAddedTask.execute(DefaultChannelPipeline.java:1465)
	at io.netty.channel.DefaultChannelPipeline.callHandlerAddedForAllHandlers(DefaultChannelPipeline.java:1139)
	at io.netty.channel.DefaultChannelPipeline.invokeHandlerAddedIfNeeded(DefaultChannelPipeline.java:664)
	at io.netty.channel.AbstractChannel$AbstractUnsafe.register0(AbstractChannel.java:510)
	at io.netty.channel.AbstractChannel$AbstractUnsafe.access$200(AbstractChannel.java:423)
	at io.netty.channel.AbstractChannel$AbstractUnsafe$1.run(AbstractChannel.java:482)
	at io.netty.util.concurrent.AbstractEventExecutor.safeExecute(AbstractEventExecutor.java:163)
	at io.netty.util.concurrent.SingleThreadEventExecutor.runAllTasks(SingleThreadEventExecutor.java:404)
	at io.netty.channel.nio.NioEventLoop.run(NioEventLoop.java:463)
	at io.netty.util.concurrent.SingleThreadEventExecutor$5.run(SingleThreadEventExecutor.java:886)
	at io.netty.util.concurrent.FastThreadLocalRunnable.run(FastThreadLocalRunnable.java:30)
	at java.lang.Thread.run(Thread.java:750)
2022-08-12 12:02:02,156       [AsyncHttpClient-2-4] WARN  io.netty.channel.ChannelInitializer - Failed to initialize a channel. Closing: [id: 0x9e81a950]
java.lang.NoClassDefFoundError: Could not initialize class io.netty.handler.codec.http.HttpClientCodec$Encoder
	at io.netty.handler.codec.http.HttpClientCodec.<init>(HttpClientCodec.java:118)
	at io.netty.handler.codec.http.HttpClientCodec.<init>(HttpClientCodec.java:108)
	at org.asynchttpclient.netty.channel.ChannelManager.newHttpClientCodec(ChannelManager.java:330)
	at org.asynchttpclient.netty.channel.ChannelManager.access$100(ChannelManager.java:65)
	at org.asynchttpclient.netty.channel.ChannelManager$1.initChannel(ChannelManager.java:219)
	at io.netty.channel.ChannelInitializer.initChannel(ChannelInitializer.java:113)
	at io.netty.channel.ChannelInitializer.handlerAdded(ChannelInitializer.java:105)
	at io.netty.channel.DefaultChannelPipeline.callHandlerAdded0(DefaultChannelPipeline.java:614)
	at io.netty.channel.DefaultChannelPipeline.access$000(DefaultChannelPipeline.java:46)
	at io.netty.channel.DefaultChannelPipeline$PendingHandlerAddedTask.execute(DefaultChannelPipeline.java:1465)
	at io.netty.channel.DefaultChannelPipeline.callHandlerAddedForAllHandlers(DefaultChannelPipeline.java:1139)
	at io.netty.channel.DefaultChannelPipeline.invokeHandlerAddedIfNeeded(DefaultChannelPipeline.java:664)
	at io.netty.channel.AbstractChannel$AbstractUnsafe.register0(AbstractChannel.java:510)
	at io.netty.channel.AbstractChannel$AbstractUnsafe.access$200(AbstractChannel.java:423)
	at io.netty.channel.AbstractChannel$AbstractUnsafe$1.run(AbstractChannel.java:482)
	at io.netty.util.concurrent.AbstractEventExecutor.safeExecute(AbstractEventExecutor.java:163)
	at io.netty.util.concurrent.SingleThreadEventExecutor.runAllTasks(SingleThreadEventExecutor.java:404)
	at io.netty.channel.nio.NioEventLoop.run(NioEventLoop.java:463)
	at io.netty.util.concurrent.SingleThreadEventExecutor$5.run(SingleThreadEventExecutor.java:886)
	at io.netty.util.concurrent.FastThreadLocalRunnable.run(FastThreadLocalRunnable.java:30)
	at java.lang.Thread.run(Thread.java:750)
2022-08-12 12:02:02,156       [AsyncHttpClient-2-5] WARN  io.netty.channel.ChannelInitializer - Failed to initialize a channel. Closing: [id: 0xedd219c9]
java.lang.NoClassDefFoundError: Could not initialize class io.netty.handler.codec.http.HttpClientCodec$Encoder
	at io.netty.handler.codec.http.HttpClientCodec.<init>(HttpClientCodec.java:118)
	at io.netty.handler.codec.http.HttpClientCodec.<init>(HttpClientCodec.java:108)
	at org.asynchttpclient.netty.channel.ChannelManager.newHttpClientCodec(ChannelManager.java:330)
	at org.asynchttpclient.netty.channel.ChannelManager.access$100(ChannelManager.java:65)
	at org.asynchttpclient.netty.channel.ChannelManager$1.initChannel(ChannelManager.java:219)
	at io.netty.channel.ChannelInitializer.initChannel(ChannelInitializer.java:113)
	at io.netty.channel.ChannelInitializer.handlerAdded(ChannelInitializer.java:105)
	at io.netty.channel.DefaultChannelPipeline.callHandlerAdded0(DefaultChannelPipeline.java:614)
	at io.netty.channel.DefaultChannelPipeline.access$000(DefaultChannelPipeline.java:46)
	at io.netty.channel.DefaultChannelPipeline$PendingHandlerAddedTask.execute(DefaultChannelPipeline.java:1465)
	at io.netty.channel.DefaultChannelPipeline.callHandlerAddedForAllHandlers(DefaultChannelPipeline.java:1139)
	at io.netty.channel.DefaultChannelPipeline.invokeHandlerAddedIfNeeded(DefaultChannelPipeline.java:664)
	at io.netty.channel.AbstractChannel$AbstractUnsafe.register0(AbstractChannel.java:510)
	at io.netty.channel.AbstractChannel$AbstractUnsafe.access$200(AbstractChannel.java:423)
	at io.netty.channel.AbstractChannel$AbstractUnsafe$1.run(AbstractChannel.java:482)
	at io.netty.util.concurrent.AbstractEventExecutor.safeExecute(AbstractEventExecutor.java:163)
	at io.netty.util.concurrent.SingleThreadEventExecutor.runAllTasks(SingleThreadEventExecutor.java:404)
	at io.netty.channel.nio.NioEventLoop.run(NioEventLoop.java:463)
	at io.netty.util.concurrent.SingleThreadEventExecutor$5.run(SingleThreadEventExecutor.java:886)
	at io.netty.util.concurrent.FastThreadLocalRunnable.run(FastThreadLocalRunnable.java:30)
	at java.lang.Thread.run(Thread.java:750)
2022-08-12 12:02:02,156       [AsyncHttpClient-2-6] WARN  io.netty.channel.ChannelInitializer - Failed to initialize a channel. Closing: [id: 0xe43fa794]
java.lang.NoClassDefFoundError: Could not initialize class io.netty.handler.codec.http.HttpClientCodec$Encoder
	at io.netty.handler.codec.http.HttpClientCodec.<init>(HttpClientCodec.java:118)
	at io.netty.handler.codec.http.HttpClientCodec.<init>(HttpClientCodec.java:108)
	at org.asynchttpclient.netty.channel.ChannelManager.newHttpClientCodec(ChannelManager.java:330)
	at org.asynchttpclient.netty.channel.ChannelManager.access$100(ChannelManager.java:65)
	at org.asynchttpclient.netty.channel.ChannelManager$1.initChannel(ChannelManager.java:219)
	at io.netty.channel.ChannelInitializer.initChannel(ChannelInitializer.java:113)
	at io.netty.channel.ChannelInitializer.handlerAdded(ChannelInitializer.java:105)
	at io.netty.channel.DefaultChannelPipeline.callHandlerAdded0(DefaultChannelPipeline.java:614)
	at io.netty.channel.DefaultChannelPipeline.access$000(DefaultChannelPipeline.java:46)
	at io.netty.channel.DefaultChannelPipeline$PendingHandlerAddedTask.execute(DefaultChannelPipeline.java:1465)
	at io.netty.channel.DefaultChannelPipeline.callHandlerAddedForAllHandlers(DefaultChannelPipeline.java:1139)
	at io.netty.channel.DefaultChannelPipeline.invokeHandlerAddedIfNeeded(DefaultChannelPipeline.java:664)
	at io.netty.channel.AbstractChannel$AbstractUnsafe.register0(AbstractChannel.java:510)
	at io.netty.channel.AbstractChannel$AbstractUnsafe.access$200(AbstractChannel.java:423)
	at io.netty.channel.AbstractChannel$AbstractUnsafe$1.run(AbstractChannel.java:482)
	at io.netty.util.concurrent.AbstractEventExecutor.safeExecute(AbstractEventExecutor.java:163)
	at io.netty.util.concurrent.SingleThreadEventExecutor.runAllTasks(SingleThreadEventExecutor.java:404)
	at io.netty.channel.nio.NioEventLoop.run(NioEventLoop.java:463)
	at io.netty.util.concurrent.SingleThreadEventExecutor$5.run(SingleThreadEventExecutor.java:886)
	at io.netty.util.concurrent.FastThreadLocalRunnable.run(FastThreadLocalRunnable.java:30)
	at java.lang.Thread.run(Thread.java:750)
